<?xml version="1.0" encoding="UTF-8"?>
<testng-results ignored="0" total="1" passed="1" failed="0" skipped="0">
  <reporter-output>
  </reporter-output>
  <suite started-at="2023-12-20T23:46:59 IST" name="Suite" finished-at="2023-12-20T23:49:37 IST" duration-ms="157987">
    <groups>
    </groups>
    <test started-at="2023-12-20T23:46:59 IST" name="Test" finished-at="2023-12-20T23:49:37 IST" duration-ms="157987">
      <class name="com.demoblaze.utils.BBreports">
        <test-method is-config="true" signature="startReport()[pri:0, instance:com.demoblaze.utils.BBreports@702657cc]" started-at="2023-12-20T23:46:59 IST" name="startReport" finished-at="2023-12-20T23:46:59 IST" duration-ms="469" status="PASS">
          <reporter-output>
          </reporter-output>
        </test-method> <!-- startReport -->
        <test-method is-config="true" signature="endReport()[pri:0, instance:com.demoblaze.utils.BBreports@702657cc]" started-at="2023-12-20T23:49:37 IST" name="endReport" finished-at="2023-12-20T23:49:38 IST" duration-ms="694" status="PASS">
          <reporter-output>
          </reporter-output>
        </test-method> <!-- endReport -->
      </class> <!-- com.demoblaze.utils.BBreports -->
      <class name="com.demoblaze.test.Testcase2">
        <test-method signature="browserTest()[pri:0, instance:com.demoblaze.test.Testcase2@5aa9e4eb]" started-at="2023-12-20T23:46:59 IST" name="browserTest" finished-at="2023-12-20T23:49:37 IST" duration-ms="157930" status="PASS">
          <reporter-output>
          </reporter-output>
        </test-method> <!-- browserTest -->
      </class> <!-- com.demoblaze.test.Testcase2 -->
    </test> <!-- Test -->
  </suite> <!-- Suite -->
</testng-results>
